0 info it worked if it ends with ok
1 verbose cli [ 'C:\\Program Files\\nodejs\\node.exe',
1 verbose cli   'C:\\Users\\angeal\\AppData\\Roaming\\npm\\node_modules\\npm\\bin\\npm-cli.js',
1 verbose cli   'start' ]
2 info using npm@3.10.8
3 info using node@v6.10.1
4 verbose run-script [ 'prestart', 'start', 'poststart' ]
5 info lifecycle angeal185.github.io-master@1.0.0~prestart: angeal185.github.io-master@1.0.0
6 silly lifecycle angeal185.github.io-master@1.0.0~prestart: no script for prestart, continuing
7 info lifecycle angeal185.github.io-master@1.0.0~start: angeal185.github.io-master@1.0.0
8 verbose lifecycle angeal185.github.io-master@1.0.0~start: unsafe-perm in lifecycle true
9 verbose lifecycle angeal185.github.io-master@1.0.0~start: PATH: C:\Users\angeal\AppData\Roaming\npm\node_modules\npm\bin\node-gyp-bin;C:\git\angeal185.github.io\node_modules\.bin;C:\Program Files\ImageMagick-7.0.3-Q16;c:\program files (x86)\graphicsmagick-1.3.25-q16;C:\Program Files (x86)\Embarcadero\Studio\17.0\bin;C:\Users\angeal\Documents\Embarcadero\Studio\17.0\Bpl;C:\Program Files (x86)\Embarcadero\Studio\17.0\bin64;C:\Users\angeal\Documents\Embarcadero\Studio\17.0\Bpl\Win64;C:\ProgramData\Oracle\Java\javapath;C:\WINDOWS\system32;C:\WINDOWS;C:\WINDOWS\System32\Wbem;C:\WINDOWS\System32\WindowsPowerShell\v1.0\;C:\Program Files (x86)\Common Files\Tom Sawyer Software\8.0.0;C:\Users\angeal\.dnx\bin;C:\Program Files\Microsoft DNX\Dnvm\;C:\Program Files\Microsoft SQL Server\120\Tools\Binn\;C:\Program Files\Microsoft SQL Server\130\Tools\Binn\;C:\Program Files\Git\cmd;C:\Program Files (x86)\Windows Kits\10\Windows Performance Toolkit;C:\rails\curl\curl;C:\wamp64\bin\php\php5.6.16;C:\ProgramData\ComposerSetup\bin;C:\Users\angeal\AppData\Roaming\Composer\vendor\bin;C:\Users\angeal\django\django\bin\;C:\Program Files (x86)\Heroku\bin;C:\Program Files (x86)\git\cmd;C:\Program Files\MongoDB\Server\3.2\bin;C:\npm\phantomjs\bin;C:\MinGW\bin;C:\Ruby23\bin;C:\Program Files (x86)\Git\cmd;C:\Program Files\nodejs\;c:\wget;C:\Program Files\CMake\bin;C:\rubyDev\bin;C:\rubyDev\mingw\bin;C:\Ruby23\bin;C:\Python\27\Scripts\;C:\Python\27\;C:\Rails\Git\cmd;C:\rails\curl\curl;C:\Users\angeal\AppData\Local\atom\bin;C:\Users\angeal\AppData\Roaming\Composer\vendor\bin;C:\Users\angeal\django\django\bin\;C:\Program Files\MongoDB\Server\3.2\bin;C:\Users\angeal\AppData\Local\Microsoft\WindowsApps;C:\npm\phantomjs\bin;C:\MinGW\bin;C:\Program Files\ImageMagick-7.0.3-Q16;c:\program files (x86)\graphicsmagick-1.3.25-q16;C:\Users\angeal\AppData\Roaming\npm;c:\wget;C:\rubyDev\bin;C:\rubyDev\mingw\bin
10 verbose lifecycle angeal185.github.io-master@1.0.0~start: CWD: C:\git\angeal185.github.io
11 silly lifecycle angeal185.github.io-master@1.0.0~start: Args: [ '/d /s /c', 'nodemon' ]
12 silly lifecycle angeal185.github.io-master@1.0.0~start: Returned: code: 3221225786  signal: null
13 info lifecycle angeal185.github.io-master@1.0.0~start: Failed to exec start script
14 verbose stack Error: angeal185.github.io-master@1.0.0 start: `nodemon`
14 verbose stack Exit status 3221225786
14 verbose stack     at EventEmitter.<anonymous> (C:\Users\angeal\AppData\Roaming\npm\node_modules\npm\lib\utils\lifecycle.js:255:16)
14 verbose stack     at emitTwo (events.js:106:13)
14 verbose stack     at EventEmitter.emit (events.js:191:7)
14 verbose stack     at ChildProcess.<anonymous> (C:\Users\angeal\AppData\Roaming\npm\node_modules\npm\lib\utils\spawn.js:40:14)
14 verbose stack     at emitTwo (events.js:106:13)
14 verbose stack     at ChildProcess.emit (events.js:191:7)
14 verbose stack     at maybeClose (internal/child_process.js:886:16)
14 verbose stack     at Process.ChildProcess._handle.onexit (internal/child_process.js:226:5)
15 verbose pkgid angeal185.github.io-master@1.0.0
16 verbose cwd C:\git\angeal185.github.io
17 error Windows_NT 10.0.14393
18 error argv "C:\\Program Files\\nodejs\\node.exe" "C:\\Users\\angeal\\AppData\\Roaming\\npm\\node_modules\\npm\\bin\\npm-cli.js" "start"
19 error node v6.10.1
20 error npm  v3.10.8
21 error code ELIFECYCLE
22 error angeal185.github.io-master@1.0.0 start: `nodemon`
22 error Exit status 3221225786
23 error Failed at the angeal185.github.io-master@1.0.0 start script 'nodemon'.
23 error Make sure you have the latest version of node.js and npm installed.
23 error If you do, this is most likely a problem with the angeal185.github.io-master package,
23 error not with npm itself.
23 error Tell the author that this fails on your system:
23 error     nodemon
23 error You can get information on how to open an issue for this project with:
23 error     npm bugs angeal185.github.io-master
23 error Or if that isn't available, you can get their info via:
23 error     npm owner ls angeal185.github.io-master
23 error There is likely additional logging output above.
24 verbose exit [ 1, true ]
